<?xml version="1.0" encoding="UTF-8"?>
<!-- Generated by org.testng.reporters.JUnitReportReporter -->
<testsuite hostname="DESKTOP-P9LIG57" name="testCases.validateCompDetails" tests="1" failures="0" timestamp="1 Nov 2020 07:20:33 GMT" time="142.289" errors="0">
  <testcase name="accessUrlCHANGENAME" time="142.289" classname="testCases.validateCompDetails"/>
</testsuite> <!-- testCases.validateCompDetails -->
