<?xml version="1.0" encoding="UTF-8"?>
<!-- Generated by org.testng.reporters.JUnitReportReporter -->
<testsuite hostname="DESKTOP-P9LIG57" name="testCases.ValidatePageBrowse" tests="1" failures="0" timestamp="3 Nov 2020 14:09:54 GMT" time="76.987" errors="0">
  <testcase name="getBrowsePages" time="76.987" classname="testCases.ValidatePageBrowse"/>
</testsuite> <!-- testCases.ValidatePageBrowse -->
