<?xml version="1.0" encoding="UTF-8"?>
<!-- Generated by org.testng.reporters.JUnitReportReporter -->
<testsuite hostname="DESKTOP-P9LIG57" name="testCases.ValidateBrowsePages" tests="1" failures="0" timestamp="3 Nov 2020 01:44:46 GMT" time="78.997" errors="0">
  <testcase name="clickLinkByHref" time="78.997" classname="testCases.ValidateBrowsePages"/>
</testsuite> <!-- testCases.ValidateBrowsePages -->
